<?xml version="1.0" encoding="UTF-8"?>
<testsuite xmlns:xsi="http://www.w3.org/2001/XMLSchema-instance" xsi:noNamespaceSchemaLocation="https://maven.apache.org/surefire/maven-surefire-plugin/xsd/surefire-test-report.xsd" version="3.0.2" name="com.neelkanth.headerbackend.HeaderBackendApplicationTests" time="8.58" tests="1" errors="0" skipped="0" failures="0">
  <properties>
[...]
</properties>
  <testcase name="contextLoads" classname="com.neelkanth.headerbackend.HeaderBackendApplicationTests" time="0.471">
    <system-out><![CDATA[19:22:58.770 [main] INFO org.springframework.test.context.support.AnnotationConfigContextLoaderUtils -- Could not detect default configuration classes for test class [com.neelkanth.headerbackend.HeaderBackendApplicationTests]: HeaderBackendApplicationTests does not declare any static, non-private, non-final, nested classes annotated with @Configuration.
19:22:58.945 [main] INFO org.springframework.boot.test.context.SpringBootTestContextBootstrapper -- Found @SpringBootConfiguration com.neelkanth.headerbackend.HeaderBackendApplication for test class com.neelkanth.headerbackend.HeaderBackendApplicationTests

  .   ____          _            __ _ _
 /\\ / ___'_ __ _ _(_)_ __  __ _ \ \ \ \
( ( )\___ | '_ | '_| | '_ \/ _` | \ \ \ \
 \\/  ___)| |_)| | | | | || (_| |  ) ) ) )
  '  |____| .__|_| |_|_| |_\__, | / / / /
 =========|_|==============|___/=/_/_/_/

 :: Spring Boot ::                (v3.5.0)

2025-06-27T19:22:59.690+05:30  INFO 4191 --- [header backend application] [           main] c.n.h.HeaderBackendApplicationTests      : Starting HeaderBackendApplicationTests using Java 18.0.2 with PID 4191 (started by ankitdungarwal in /Users/ankitdungarwal/Desktop/untitled folder/all/mvp-fullstack/backend)
2025-06-27T19:22:59.693+05:30  INFO 4191 --- [header backend application] [           main] c.n.h.HeaderBackendApplicationTests      : No active profile set, falling back to 1 default profile: "default"
2025-06-27T19:23:01.664+05:30  INFO 4191 --- [header backend application] [           main] .s.d.r.c.RepositoryConfigurationDelegate : Multiple Spring Data modules found, entering strict repository configuration mode
2025-06-27T19:23:01.667+05:30  INFO 4191 --- [header backend application] [           main] .s.d.r.c.RepositoryConfigurationDelegate : Bootstrapping Spring Data JPA repositories in DEFAULT mode.
2025-06-27T19:23:01.902+05:30  INFO 4191 --- [header backend application] [           main] .s.d.r.c.RepositoryConfigurationDelegate : Finished Spring Data repository scanning in 217 ms. Found 2 JPA repository interfaces.
2025-06-27T19:23:01.932+05:30  INFO 4191 --- [header backend application] [           main] .s.d.r.c.RepositoryConfigurationDelegate : Multiple Spring Data modules found, entering strict repository configuration mode
2025-06-27T19:23:01.934+05:30  INFO 4191 --- [header backend application] [           main] .s.d.r.c.RepositoryConfigurationDelegate : Bootstrapping Spring Data Redis repositories in DEFAULT mode.
2025-06-27T19:23:01.955+05:30  INFO 4191 --- [header backend application] [           main] .RepositoryConfigurationExtensionSupport : Spring Data Redis - Could not safely identify store assignment for repository candidate interface com.neelkanth.headerbackend.repository.ImportantDateRepository; If you want this repository to be a Redis repository, consider annotating your entities with one of these annotations: org.springframework.data.redis.core.RedisHash (preferred), or consider extending one of the following types with your repository: org.springframework.data.keyvalue.repository.KeyValueRepository
2025-06-27T19:23:01.956+05:30  INFO 4191 --- [header backend application] [           main] .RepositoryConfigurationExtensionSupport : Spring Data Redis - Could not safely identify store assignment for repository candidate interface com.neelkanth.headerbackend.repository.UserRepository; If you want this repository to be a Redis repository, consider annotating your entities with one of these annotations: org.springframework.data.redis.core.RedisHash (preferred), or consider extending one of the following types with your repository: org.springframework.data.keyvalue.repository.KeyValueRepository
2025-06-27T19:23:01.957+05:30  INFO 4191 --- [header backend application] [           main] .s.d.r.c.RepositoryConfigurationDelegate : Finished Spring Data repository scanning in 10 ms. Found 0 Redis repository interfaces.
2025-06-27T19:23:02.935+05:30  INFO 4191 --- [header backend application] [           main] o.hibernate.jpa.internal.util.LogHelper  : HHH000204: Processing PersistenceUnitInfo [name: default]
2025-06-27T19:23:02.989+05:30  INFO 4191 --- [header backend application] [           main] org.hibernate.Version                    : HHH000412: Hibernate ORM core version 6.6.15.Final
2025-06-27T19:23:03.028+05:30  INFO 4191 --- [header backend application] [           main] o.h.c.internal.RegionFactoryInitiator    : HHH000026: Second-level cache disabled
2025-06-27T19:23:03.357+05:30  INFO 4191 --- [header backend application] [           main] o.s.o.j.p.SpringPersistenceUnitInfo      : No LoadTimeWeaver setup: ignoring JPA class transformer
2025-06-27T19:23:03.389+05:30  INFO 4191 --- [header backend application] [           main] com.zaxxer.hikari.HikariDataSource       : HikariPool-1 - Starting...
2025-06-27T19:23:03.393+05:30  WARN 4191 --- [header backend application] [           main] c.zaxxer.hikari.util.DriverDataSource    : Registered driver with driverClassName=com.mysql.jdbc.Driver was not found, trying direct instantiation.
2025-06-27T19:23:03.815+05:30  INFO 4191 --- [header backend application] [           main] com.zaxxer.hikari.pool.HikariPool        : HikariPool-1 - Added connection com.mysql.cj.jdbc.ConnectionImpl@679f59f1
2025-06-27T19:23:03.817+05:30  INFO 4191 --- [header backend application] [           main] com.zaxxer.hikari.HikariDataSource       : HikariPool-1 - Start completed.
2025-06-27T19:23:03.902+05:30  INFO 4191 --- [header backend application] [           main] org.hibernate.orm.connections.pooling    : HHH10001005: Database info:
	Database JDBC URL [Connecting through datasource 'HikariDataSource (HikariPool-1)']
	Database driver: undefined/unknown
	Database version: 8.0.28
	Autocommit mode: undefined/unknown
	Isolation level: undefined/unknown
	Minimum pool size: undefined/unknown
	Maximum pool size: undefined/unknown
2025-06-27T19:23:04.934+05:30  INFO 4191 --- [header backend application] [           main] o.h.e.t.j.p.i.JtaPlatformInitiator       : HHH000489: No JTA platform available (set 'hibernate.transaction.jta.platform' to enable JTA platform integration)
2025-06-27T19:23:05.001+05:30  INFO 4191 --- [header backend application] [           main] j.LocalContainerEntityManagerFactoryBean : Initialized JPA EntityManagerFactory for persistence unit 'default'
2025-06-27T19:23:05.328+05:30  INFO 4191 --- [header backend application] [           main] o.s.d.j.r.query.QueryEnhancerFactory     : Hibernate is in classpath; If applicable, HQL parser will be used.
2025-06-27T19:23:06.065+05:30  WARN 4191 --- [header backend application] [           main] JpaBaseConfiguration$JpaWebConfiguration : spring.jpa.open-in-view is enabled by default. Therefore, database queries may be performed during view rendering. Explicitly configure spring.jpa.open-in-view to disable this warning
2025-06-27T19:23:06.618+05:30  INFO 4191 --- [header backend application] [           main] c.n.h.HeaderBackendApplicationTests      : Started HeaderBackendApplicationTests in 7.445 seconds (process running for 8.978)
]]></system-out>
    <system-err><![CDATA[Loading class `com.mysql.jdbc.Driver'. This is deprecated. The new driver class is `com.mysql.cj.jdbc.Driver'. The driver is automatically registered via the SPI and manual loading of the driver class is generally unnecessary.
]]></system-err>
  </testcase>
</testsuite>